<?xml version="1.0" encoding="UTF-8"?>
<testng-results retried="4" ignored="9" total="58" passed="41" failed="4" skipped="0">
  <reporter-output>
  </reporter-output>
  <suite started-at="2024-07-08T10:53:53 IST" name="Default suite" finished-at="2024-07-08T11:08:08 IST" duration-ms="855335">
    <groups>
    </groups>
    <test started-at="2024-07-08T10:53:53 IST" name="Default test" finished-at="2024-07-08T11:08:08 IST" duration-ms="855335">
      <class name="Testcases.SignUp">
        <test-method is-config="true" signature="setup()[pri:0, instance:Testcases.SignUp@67ef029]" started-at="2024-07-08T11:00:25 IST" name="setup" finished-at="2024-07-08T11:00:26 IST" duration-ms="1509" status="PASS">
          <reporter-output>
          </reporter-output>
        </test-method> <!-- setup -->
        <test-method signature="click_actions()[pri:1, instance:Testcases.SignUp@67ef029]" started-at="2024-07-08T11:00:26 IST" name="click_actions" finished-at="2024-07-08T11:00:29 IST" duration-ms="2255" status="PASS">
          <reporter-output>
          </reporter-output>
        </test-method> <!-- click_actions -->
        <test-method is-config="true" signature="closeBrowser()[pri:0, instance:Testcases.SignUp@67ef029]" started-at="2024-07-08T11:00:29 IST" name="closeBrowser" finished-at="2024-07-08T11:00:29 IST" duration-ms="156" status="PASS">
          <reporter-output>
          </reporter-output>
        </test-method> <!-- closeBrowser -->
        <test-method is-config="true" signature="setup()[pri:0, instance:Testcases.SignUp@67ef029]" started-at="2024-07-08T11:00:29 IST" name="setup" finished-at="2024-07-08T11:00:32 IST" duration-ms="3362" status="PASS">
          <reporter-output>
          </reporter-output>
        </test-method> <!-- setup -->
        <test-method signature="clickon_signup()[pri:2, instance:Testcases.SignUp@67ef029]" started-at="2024-07-08T11:00:32 IST" name="clickon_signup" finished-at="2024-07-08T11:00:34 IST" duration-ms="1699" status="PASS">
          <reporter-output>
          </reporter-output>
        </test-method> <!-- clickon_signup -->
        <test-method is-config="true" signature="closeBrowser()[pri:0, instance:Testcases.SignUp@67ef029]" started-at="2024-07-08T11:00:34 IST" name="closeBrowser" finished-at="2024-07-08T11:00:34 IST" duration-ms="144" status="PASS">
          <reporter-output>
          </reporter-output>
        </test-method> <!-- closeBrowser -->
        <test-method is-config="true" signature="setup()[pri:0, instance:Testcases.SignUp@67ef029]" started-at="2024-07-08T11:00:34 IST" name="setup" finished-at="2024-07-08T11:00:36 IST" duration-ms="1600" status="PASS">
          <reporter-output>
          </reporter-output>
        </test-method> <!-- setup -->
        <test-method signature="login_signup()[pri:3, instance:Testcases.SignUp@67ef029]" started-at="2024-07-08T11:00:36 IST" name="login_signup" finished-at="2024-07-08T11:00:37 IST" duration-ms="1701" status="PASS">
          <reporter-output>
          </reporter-output>
        </test-method> <!-- login_signup -->
        <test-method is-config="true" signature="closeBrowser()[pri:0, instance:Testcases.SignUp@67ef029]" started-at="2024-07-08T11:00:37 IST" name="closeBrowser" finished-at="2024-07-08T11:00:37 IST" duration-ms="147" status="PASS">
          <reporter-output>
          </reporter-output>
        </test-method> <!-- closeBrowser -->
        <test-method is-config="true" signature="setup()[pri:0, instance:Testcases.SignUp@67ef029]" started-at="2024-07-08T11:00:37 IST" name="setup" finished-at="2024-07-08T11:00:40 IST" duration-ms="2348" status="PASS">
          <reporter-output>
          </reporter-output>
        </test-method> <!-- setup -->
        <test-method signature="signup_Invalidemail()[pri:5, instance:Testcases.SignUp@67ef029]" started-at="2024-07-08T11:00:40 IST" name="signup_Invalidemail" finished-at="2024-07-08T11:01:06 IST" duration-ms="26477" status="PASS">
          <reporter-output>
          </reporter-output>
        </test-method> <!-- signup_Invalidemail -->
        <test-method is-config="true" signature="closeBrowser()[pri:0, instance:Testcases.SignUp@67ef029]" started-at="2024-07-08T11:01:06 IST" name="closeBrowser" finished-at="2024-07-08T11:01:06 IST" duration-ms="243" status="PASS">
          <reporter-output>
          </reporter-output>
        </test-method> <!-- closeBrowser -->
        <test-method is-config="true" signature="setup()[pri:0, instance:Testcases.SignUp@67ef029]" started-at="2024-07-08T11:01:06 IST" name="setup" finished-at="2024-07-08T11:01:08 IST" duration-ms="1587" status="PASS">
          <reporter-output>
          </reporter-output>
        </test-method> <!-- setup -->
        <test-method signature="signup_Invalid_OTP()[pri:6, instance:Testcases.SignUp@67ef029]" started-at="2024-07-08T11:01:08 IST" name="signup_Invalid_OTP" finished-at="2024-07-08T11:01:40 IST" duration-ms="32034" status="PASS">
          <reporter-output>
          </reporter-output>
        </test-method> <!-- signup_Invalid_OTP -->
        <test-method is-config="true" signature="closeBrowser()[pri:0, instance:Testcases.SignUp@67ef029]" started-at="2024-07-08T11:01:40 IST" name="closeBrowser" finished-at="2024-07-08T11:01:40 IST" duration-ms="256" status="PASS">
          <reporter-output>
          </reporter-output>
        </test-method> <!-- closeBrowser -->
        <test-method is-config="true" signature="setup()[pri:0, instance:Testcases.SignUp@67ef029]" started-at="2024-07-08T11:01:40 IST" name="setup" finished-at="2024-07-08T11:01:42 IST" duration-ms="1555" status="PASS">
          <reporter-output>
          </reporter-output>
        </test-method> <!-- setup -->
        <test-method retried="true" signature="Login_signup()[pri:7, instance:Testcases.SignUp@67ef029]" started-at="2024-07-08T11:01:42 IST" name="Login_signup" finished-at="2024-07-08T11:01:43 IST" duration-ms="1330" status="SKIP">
          <exception class="org.openqa.selenium.StaleElementReferenceException">
            <message>
              <![CDATA[stale element reference: stale element not found in the current frame
  (Session info: chrome=126.0.6478.127)
For documentation on this error, please visit: https://www.seleniumhq.org/exceptions/stale_element_reference.html
Build info: version: '3.141.59', revision: 'e82be7d358', time: '2018-11-14T08:25:53'
System info: host: 'RAJESH', ip: '192.168.0.232', os.name: 'Windows 11', os.arch: 'amd64', os.version: '10.0', java.version: '17.0.11'
Driver info: org.openqa.selenium.chrome.ChromeDriver
Capabilities {acceptInsecureCerts: false, browserName: chrome, browserVersion: 126.0.6478.127, chrome: {chromedriverVersion: 126.0.6478.126 (d36ace6122e..., userDataDir: C:\Users\Rajes\AppData\Loca...}, fedcm:accounts: true, goog:chromeOptions: {debuggerAddress: localhost:55489}, javascriptEnabled: true, networkConnectionEnabled: false, pageLoadStrategy: normal, platform: WINDOWS, platformName: WINDOWS, proxy: Proxy(), setWindowRect: true, strictFileInteractability: false, timeouts: {implicit: 0, pageLoad: 300000, script: 30000}, unhandledPromptBehavior: dismiss and notify, webauthn:extension:credBlob: true, webauthn:extension:largeBlob: true, webauthn:extension:minPinLength: true, webauthn:extension:prf: true, webauthn:virtualAuthenticators: true}
Session ID: 186d6bcdf701ddaf67fe579a0c0680d7]]>
            </message>
            <full-stacktrace>
              <![CDATA[org.openqa.selenium.StaleElementReferenceException: stale element reference: stale element not found in the current frame
  (Session info: chrome=126.0.6478.127)
For documentation on this error, please visit: https://www.seleniumhq.org/exceptions/stale_element_reference.html
Build info: version: '3.141.59', revision: 'e82be7d358', time: '2018-11-14T08:25:53'
System info: host: 'RAJESH', ip: '192.168.0.232', os.name: 'Windows 11', os.arch: 'amd64', os.version: '10.0', java.version: '17.0.11'
Driver info: org.openqa.selenium.chrome.ChromeDriver
Capabilities {acceptInsecureCerts: false, browserName: chrome, browserVersion: 126.0.6478.127, chrome: {chromedriverVersion: 126.0.6478.126 (d36ace6122e..., userDataDir: C:\Users\Rajes\AppData\Loca...}, fedcm:accounts: true, goog:chromeOptions: {debuggerAddress: localhost:55489}, javascriptEnabled: true, networkConnectionEnabled: false, pageLoadStrategy: normal, platform: WINDOWS, platformName: WINDOWS, proxy: Proxy(), setWindowRect: true, strictFileInteractability: false, timeouts: {implicit: 0, pageLoad: 300000, script: 30000}, unhandledPromptBehavior: dismiss and notify, webauthn:extension:credBlob: true, webauthn:extension:largeBlob: true, webauthn:extension:minPinLength: true, webauthn:extension:prf: true, webauthn:virtualAuthenticators: true}
Session ID: 186d6bcdf701ddaf67fe579a0c0680d7
at java.base/jdk.internal.reflect.NativeConstructorAccessorImpl.newInstance0(Native Method)
at java.base/jdk.internal.reflect.NativeConstructorAccessorImpl.newInstance(NativeConstructorAccessorImpl.java:77)
at java.base/jdk.internal.reflect.DelegatingConstructorAccessorImpl.newInstance(DelegatingConstructorAccessorImpl.java:45)
at java.base/java.lang.reflect.Constructor.newInstanceWithCaller(Constructor.java:499)
at java.base/java.lang.reflect.Constructor.newInstance(Constructor.java:480)
at org.openqa.selenium.remote.http.W3CHttpResponseCodec.createException(W3CHttpResponseCodec.java:187)
at org.openqa.selenium.remote.http.W3CHttpResponseCodec.decode(W3CHttpResponseCodec.java:122)
at org.openqa.selenium.remote.http.W3CHttpResponseCodec.decode(W3CHttpResponseCodec.java:49)
at org.openqa.selenium.remote.HttpCommandExecutor.execute(HttpCommandExecutor.java:158)
at org.openqa.selenium.remote.service.DriverCommandExecutor.execute(DriverCommandExecutor.java:83)
at org.openqa.selenium.remote.RemoteWebDriver.execute(RemoteWebDriver.java:552)
at org.openqa.selenium.remote.RemoteWebElement.execute(RemoteWebElement.java:285)
at org.openqa.selenium.remote.RemoteWebElement.click(RemoteWebElement.java:84)
at Testcases.SignUp.Login_signup(SignUp.java:158)
at java.base/jdk.internal.reflect.NativeMethodAccessorImpl.invoke0(Native Method)
at java.base/jdk.internal.reflect.NativeMethodAccessorImpl.invoke(NativeMethodAccessorImpl.java:77)
at java.base/jdk.internal.reflect.DelegatingMethodAccessorImpl.invoke(DelegatingMethodAccessorImpl.java:43)
at java.base/java.lang.reflect.Method.invoke(Method.java:568)
at org.testng.internal.invokers.MethodInvocationHelper.invokeMethod(MethodInvocationHelper.java:139)
at org.testng.internal.invokers.TestInvoker.invokeMethod(TestInvoker.java:677)
at org.testng.internal.invokers.TestInvoker.invokeTestMethod(TestInvoker.java:221)
at org.testng.internal.invokers.MethodRunner.runInSequence(MethodRunner.java:50)
at org.testng.internal.invokers.TestInvoker$MethodInvocationAgent.invoke(TestInvoker.java:969)
at org.testng.internal.invokers.TestInvoker.invokeTestMethods(TestInvoker.java:194)
at org.testng.internal.invokers.TestMethodWorker.invokeTestMethods(TestMethodWorker.java:148)
at org.testng.internal.invokers.TestMethodWorker.run(TestMethodWorker.java:128)
at java.base/java.util.ArrayList.forEach(ArrayList.java:1511)
at org.testng.TestRunner.privateRun(TestRunner.java:829)
at org.testng.TestRunner.run(TestRunner.java:602)
at org.testng.SuiteRunner.runTest(SuiteRunner.java:437)
at org.testng.SuiteRunner.runSequentially(SuiteRunner.java:431)
at org.testng.SuiteRunner.privateRun(SuiteRunner.java:391)
at org.testng.SuiteRunner.run(SuiteRunner.java:330)
at org.testng.SuiteRunnerWorker.runSuite(SuiteRunnerWorker.java:52)
at org.testng.SuiteRunnerWorker.run(SuiteRunnerWorker.java:95)
at org.testng.TestNG.runSuitesSequentially(TestNG.java:1256)
at org.testng.TestNG.runSuitesLocally(TestNG.java:1176)
at org.testng.TestNG.runSuites(TestNG.java:1099)
at org.testng.TestNG.run(TestNG.java:1067)
at org.testng.remote.AbstractRemoteTestNG.run(AbstractRemoteTestNG.java:115)
at org.testng.remote.RemoteTestNG.initAndRun(RemoteTestNG.java:293)
at org.testng.remote.RemoteTestNG.main(RemoteTestNG.java:91)
]]>
            </full-stacktrace>
          </exception> <!-- org.openqa.selenium.StaleElementReferenceException -->
          <reporter-output>
          </reporter-output>
        </test-method> <!-- Login_signup -->
        <test-method is-config="true" signature="closeBrowser()[pri:0, instance:Testcases.SignUp@67ef029]" started-at="2024-07-08T11:01:43 IST" name="closeBrowser" finished-at="2024-07-08T11:01:43 IST" duration-ms="130" status="PASS">
          <reporter-output>
          </reporter-output>
        </test-method> <!-- closeBrowser -->
        <test-method is-config="true" signature="setup()[pri:0, instance:Testcases.SignUp@67ef029]" started-at="2024-07-08T11:01:43 IST" name="setup" finished-at="2024-07-08T11:01:48 IST" duration-ms="4971" status="PASS">
          <reporter-output>
          </reporter-output>
        </test-method> <!-- setup -->
        <test-method signature="Login_signup()[pri:7, instance:Testcases.SignUp@67ef029]" started-at="2024-07-08T11:01:48 IST" name="Login_signup" finished-at="2024-07-08T11:01:50 IST" duration-ms="1262" status="FAIL">
          <exception class="org.openqa.selenium.StaleElementReferenceException">
            <message>
              <![CDATA[stale element reference: stale element not found in the current frame
  (Session info: chrome=126.0.6478.127)
For documentation on this error, please visit: https://www.seleniumhq.org/exceptions/stale_element_reference.html
Build info: version: '3.141.59', revision: 'e82be7d358', time: '2018-11-14T08:25:53'
System info: host: 'RAJESH', ip: '192.168.0.232', os.name: 'Windows 11', os.arch: 'amd64', os.version: '10.0', java.version: '17.0.11'
Driver info: org.openqa.selenium.chrome.ChromeDriver
Capabilities {acceptInsecureCerts: false, browserName: chrome, browserVersion: 126.0.6478.127, chrome: {chromedriverVersion: 126.0.6478.126 (d36ace6122e..., userDataDir: C:\Users\Rajes\AppData\Loca...}, fedcm:accounts: true, goog:chromeOptions: {debuggerAddress: localhost:55516}, javascriptEnabled: true, networkConnectionEnabled: false, pageLoadStrategy: normal, platform: WINDOWS, platformName: WINDOWS, proxy: Proxy(), setWindowRect: true, strictFileInteractability: false, timeouts: {implicit: 0, pageLoad: 300000, script: 30000}, unhandledPromptBehavior: dismiss and notify, webauthn:extension:credBlob: true, webauthn:extension:largeBlob: true, webauthn:extension:minPinLength: true, webauthn:extension:prf: true, webauthn:virtualAuthenticators: true}
Session ID: 869600484705051a5090f0d8b8e5065a]]>
            </message>
            <full-stacktrace>
              <![CDATA[org.openqa.selenium.StaleElementReferenceException: stale element reference: stale element not found in the current frame
  (Session info: chrome=126.0.6478.127)
For documentation on this error, please visit: https://www.seleniumhq.org/exceptions/stale_element_reference.html
Build info: version: '3.141.59', revision: 'e82be7d358', time: '2018-11-14T08:25:53'
System info: host: 'RAJESH', ip: '192.168.0.232', os.name: 'Windows 11', os.arch: 'amd64', os.version: '10.0', java.version: '17.0.11'
Driver info: org.openqa.selenium.chrome.ChromeDriver
Capabilities {acceptInsecureCerts: false, browserName: chrome, browserVersion: 126.0.6478.127, chrome: {chromedriverVersion: 126.0.6478.126 (d36ace6122e..., userDataDir: C:\Users\Rajes\AppData\Loca...}, fedcm:accounts: true, goog:chromeOptions: {debuggerAddress: localhost:55516}, javascriptEnabled: true, networkConnectionEnabled: false, pageLoadStrategy: normal, platform: WINDOWS, platformName: WINDOWS, proxy: Proxy(), setWindowRect: true, strictFileInteractability: false, timeouts: {implicit: 0, pageLoad: 300000, script: 30000}, unhandledPromptBehavior: dismiss and notify, webauthn:extension:credBlob: true, webauthn:extension:largeBlob: true, webauthn:extension:minPinLength: true, webauthn:extension:prf: true, webauthn:virtualAuthenticators: true}
Session ID: 869600484705051a5090f0d8b8e5065a
at java.base/jdk.internal.reflect.NativeConstructorAccessorImpl.newInstance0(Native Method)
at java.base/jdk.internal.reflect.NativeConstructorAccessorImpl.newInstance(NativeConstructorAccessorImpl.java:77)
at java.base/jdk.internal.reflect.DelegatingConstructorAccessorImpl.newInstance(DelegatingConstructorAccessorImpl.java:45)
at java.base/java.lang.reflect.Constructor.newInstanceWithCaller(Constructor.java:499)
at java.base/java.lang.reflect.Constructor.newInstance(Constructor.java:480)
at org.openqa.selenium.remote.http.W3CHttpResponseCodec.createException(W3CHttpResponseCodec.java:187)
at org.openqa.selenium.remote.http.W3CHttpResponseCodec.decode(W3CHttpResponseCodec.java:122)
at org.openqa.selenium.remote.http.W3CHttpResponseCodec.decode(W3CHttpResponseCodec.java:49)
at org.openqa.selenium.remote.HttpCommandExecutor.execute(HttpCommandExecutor.java:158)
at org.openqa.selenium.remote.service.DriverCommandExecutor.execute(DriverCommandExecutor.java:83)
at org.openqa.selenium.remote.RemoteWebDriver.execute(RemoteWebDriver.java:552)
at org.openqa.selenium.remote.RemoteWebElement.execute(RemoteWebElement.java:285)
at org.openqa.selenium.remote.RemoteWebElement.sendKeys(RemoteWebElement.java:106)
at Testcases.SignUp.Login_signup(SignUp.java:157)
at java.base/jdk.internal.reflect.NativeMethodAccessorImpl.invoke0(Native Method)
at java.base/jdk.internal.reflect.NativeMethodAccessorImpl.invoke(NativeMethodAccessorImpl.java:77)
at java.base/jdk.internal.reflect.DelegatingMethodAccessorImpl.invoke(DelegatingMethodAccessorImpl.java:43)
at java.base/java.lang.reflect.Method.invoke(Method.java:568)
at org.testng.internal.invokers.MethodInvocationHelper.invokeMethod(MethodInvocationHelper.java:139)
at org.testng.internal.invokers.TestInvoker.invokeMethod(TestInvoker.java:677)
at org.testng.internal.invokers.TestInvoker.retryFailed(TestInvoker.java:263)
at org.testng.internal.invokers.MethodRunner.runInSequence(MethodRunner.java:62)
at org.testng.internal.invokers.TestInvoker$MethodInvocationAgent.invoke(TestInvoker.java:969)
at org.testng.internal.invokers.TestInvoker.invokeTestMethods(TestInvoker.java:194)
at org.testng.internal.invokers.TestMethodWorker.invokeTestMethods(TestMethodWorker.java:148)
at org.testng.internal.invokers.TestMethodWorker.run(TestMethodWorker.java:128)
at java.base/java.util.ArrayList.forEach(ArrayList.java:1511)
at org.testng.TestRunner.privateRun(TestRunner.java:829)
at org.testng.TestRunner.run(TestRunner.java:602)
at org.testng.SuiteRunner.runTest(SuiteRunner.java:437)
at org.testng.SuiteRunner.runSequentially(SuiteRunner.java:431)
at org.testng.SuiteRunner.privateRun(SuiteRunner.java:391)
at org.testng.SuiteRunner.run(SuiteRunner.java:330)
at org.testng.SuiteRunnerWorker.runSuite(SuiteRunnerWorker.java:52)
at org.testng.SuiteRunnerWorker.run(SuiteRunnerWorker.java:95)
at org.testng.TestNG.runSuitesSequentially(TestNG.java:1256)
at org.testng.TestNG.runSuitesLocally(TestNG.java:1176)
at org.testng.TestNG.runSuites(TestNG.java:1099)
at org.testng.TestNG.run(TestNG.java:1067)
at org.testng.remote.AbstractRemoteTestNG.run(AbstractRemoteTestNG.java:115)
at org.testng.remote.RemoteTestNG.initAndRun(RemoteTestNG.java:293)
at org.testng.remote.RemoteTestNG.main(RemoteTestNG.java:91)
]]>
            </full-stacktrace>
          </exception> <!-- org.openqa.selenium.StaleElementReferenceException -->
          <reporter-output>
          </reporter-output>
        </test-method> <!-- Login_signup -->
        <test-method is-config="true" signature="closeBrowser()[pri:0, instance:Testcases.SignUp@67ef029]" started-at="2024-07-08T11:01:50 IST" name="closeBrowser" finished-at="2024-07-08T11:01:50 IST" duration-ms="150" status="PASS">
          <reporter-output>
          </reporter-output>
        </test-method> <!-- closeBrowser -->
        <test-method is-config="true" signature="setup()[pri:0, instance:Testcases.SignUp@67ef029]" started-at="2024-07-08T11:01:50 IST" name="setup" finished-at="2024-07-08T11:01:51 IST" duration-ms="1506" status="PASS">
          <reporter-output>
          </reporter-output>
        </test-method> <!-- setup -->
        <test-method signature="existing_emailid()[pri:8, instance:Testcases.SignUp@67ef029]" started-at="2024-07-08T11:01:51 IST" name="existing_emailid" finished-at="2024-07-08T11:01:55 IST" duration-ms="3342" status="PASS">
          <reporter-output>
          </reporter-output>
        </test-method> <!-- existing_emailid -->
        <test-method is-config="true" signature="closeBrowser()[pri:0, instance:Testcases.SignUp@67ef029]" started-at="2024-07-08T11:01:55 IST" name="closeBrowser" finished-at="2024-07-08T11:01:55 IST" duration-ms="129" status="PASS">
          <reporter-output>
          </reporter-output>
        </test-method> <!-- closeBrowser -->
        <test-method is-config="true" signature="setup()[pri:0, instance:Testcases.SignUp@67ef029]" started-at="2024-07-08T11:01:55 IST" name="setup" finished-at="2024-07-08T11:01:56 IST" duration-ms="1333" status="PASS">
          <reporter-output>
          </reporter-output>
        </test-method> <!-- setup -->
        <test-method signature="signup_resendcode()[pri:9, instance:Testcases.SignUp@67ef029]" started-at="2024-07-08T11:01:56 IST" name="signup_resendcode" finished-at="2024-07-08T11:02:33 IST" duration-ms="36527" status="PASS">
          <reporter-output>
          </reporter-output>
        </test-method> <!-- signup_resendcode -->
        <test-method is-config="true" signature="closeBrowser()[pri:0, instance:Testcases.SignUp@67ef029]" started-at="2024-07-08T11:02:33 IST" name="closeBrowser" finished-at="2024-07-08T11:02:33 IST" duration-ms="256" status="PASS">
          <reporter-output>
          </reporter-output>
        </test-method> <!-- closeBrowser -->
        <test-method is-config="true" signature="setup()[pri:0, instance:Testcases.SignUp@67ef029]" started-at="2024-07-08T11:02:33 IST" name="setup" finished-at="2024-07-08T11:02:35 IST" duration-ms="2451" status="PASS">
          <reporter-output>
          </reporter-output>
        </test-method> <!-- setup -->
        <test-method signature="signup_MultipleInvalidOtps()[pri:11, instance:Testcases.SignUp@67ef029]" started-at="2024-07-08T11:02:35 IST" name="signup_MultipleInvalidOtps" finished-at="2024-07-08T11:03:18 IST" duration-ms="42884" status="PASS">
          <reporter-output>
          </reporter-output>
        </test-method> <!-- signup_MultipleInvalidOtps -->
        <test-method is-config="true" signature="closeBrowser()[pri:0, instance:Testcases.SignUp@67ef029]" started-at="2024-07-08T11:03:18 IST" name="closeBrowser" finished-at="2024-07-08T11:03:18 IST" duration-ms="209" status="PASS">
          <reporter-output>
          </reporter-output>
        </test-method> <!-- closeBrowser -->
      </class> <!-- Testcases.SignUp -->
      <class name="Testcases.Post_login">
        <test-method is-config="true" signature="setupExtentReports()[pri:0, instance:Testcases.Post_login@1eef9aef]" started-at="2024-07-08T10:53:53 IST" name="setupExtentReports" finished-at="2024-07-08T10:53:53 IST" duration-ms="184" status="PASS">
          <reporter-output>
          </reporter-output>
        </test-method> <!-- setupExtentReports -->
        <test-method is-config="true" signature="setup()[pri:0, instance:Testcases.Post_login@1eef9aef]" started-at="2024-07-08T10:53:53 IST" name="setup" finished-at="2024-07-08T10:53:56 IST" duration-ms="3310" status="PASS">
          <reporter-output>
          </reporter-output>
        </test-method> <!-- setup -->
        <test-method signature="Login_Dashboard()[pri:1, instance:Testcases.Post_login@1eef9aef]" started-at="2024-07-08T10:53:56 IST" name="Login_Dashboard" finished-at="2024-07-08T10:54:09 IST" duration-ms="12599" status="PASS">
          <reporter-output>
          </reporter-output>
        </test-method> <!-- Login_Dashboard -->
        <test-method is-config="true" signature="closeBrowser()[pri:0, instance:Testcases.Post_login@1eef9aef]" started-at="2024-07-08T10:54:09 IST" name="closeBrowser" finished-at="2024-07-08T10:54:10 IST" duration-ms="1156" status="PASS">
          <reporter-output>
          </reporter-output>
        </test-method> <!-- closeBrowser -->
        <test-method is-config="true" signature="setup()[pri:0, instance:Testcases.Post_login@1eef9aef]" started-at="2024-07-08T10:54:10 IST" name="setup" finished-at="2024-07-08T10:54:14 IST" duration-ms="4152" status="PASS">
          <reporter-output>
          </reporter-output>
        </test-method> <!-- setup -->
        <test-method signature="signup_login()[pri:2, instance:Testcases.Post_login@1eef9aef]" started-at="2024-07-08T10:54:14 IST" name="signup_login" finished-at="2024-07-08T10:54:27 IST" duration-ms="12349" status="PASS">
          <reporter-output>
          </reporter-output>
        </test-method> <!-- signup_login -->
        <test-method is-config="true" signature="closeBrowser()[pri:0, instance:Testcases.Post_login@1eef9aef]" started-at="2024-07-08T10:54:27 IST" name="closeBrowser" finished-at="2024-07-08T10:54:27 IST" duration-ms="166" status="PASS">
          <reporter-output>
          </reporter-output>
        </test-method> <!-- closeBrowser -->
        <test-method is-config="true" signature="setup()[pri:0, instance:Testcases.Post_login@1eef9aef]" started-at="2024-07-08T10:54:27 IST" name="setup" finished-at="2024-07-08T10:54:28 IST" duration-ms="1591" status="PASS">
          <reporter-output>
          </reporter-output>
        </test-method> <!-- setup -->
        <test-method signature="after_login_changeto_filter()[pri:3, instance:Testcases.Post_login@1eef9aef]" started-at="2024-07-08T10:54:28 IST" name="after_login_changeto_filter" finished-at="2024-07-08T10:54:44 IST" duration-ms="15387" status="PASS">
          <reporter-output>
          </reporter-output>
        </test-method> <!-- after_login_changeto_filter -->
        <test-method is-config="true" signature="closeBrowser()[pri:0, instance:Testcases.Post_login@1eef9aef]" started-at="2024-07-08T10:54:44 IST" name="closeBrowser" finished-at="2024-07-08T10:54:44 IST" duration-ms="520" status="PASS">
          <reporter-output>
          </reporter-output>
        </test-method> <!-- closeBrowser -->
        <test-method is-config="true" signature="setup()[pri:0, instance:Testcases.Post_login@1eef9aef]" started-at="2024-07-08T10:54:44 IST" name="setup" finished-at="2024-07-08T10:54:46 IST" duration-ms="1647" status="PASS">
          <reporter-output>
          </reporter-output>
        </test-method> <!-- setup -->
        <test-method signature="Surveycard_back_navigation()[pri:4, instance:Testcases.Post_login@1eef9aef]" started-at="2024-07-08T10:54:46 IST" name="Surveycard_back_navigation" finished-at="2024-07-08T10:55:04 IST" duration-ms="17827" status="PASS">
          <reporter-output>
          </reporter-output>
        </test-method> <!-- Surveycard_back_navigation -->
        <test-method is-config="true" signature="closeBrowser()[pri:0, instance:Testcases.Post_login@1eef9aef]" started-at="2024-07-08T10:55:04 IST" name="closeBrowser" finished-at="2024-07-08T10:55:04 IST" duration-ms="197" status="PASS">
          <reporter-output>
          </reporter-output>
        </test-method> <!-- closeBrowser -->
        <test-method is-config="true" signature="setup()[pri:0, instance:Testcases.Post_login@1eef9aef]" started-at="2024-07-08T10:55:04 IST" name="setup" finished-at="2024-07-08T10:55:06 IST" duration-ms="1688" status="PASS">
          <reporter-output>
          </reporter-output>
        </test-method> <!-- setup -->
        <test-method signature="printing_survey_title()[pri:5, instance:Testcases.Post_login@1eef9aef]" started-at="2024-07-08T10:55:06 IST" name="printing_survey_title" finished-at="2024-07-08T10:55:17 IST" duration-ms="11609" status="PASS">
          <reporter-output>
          </reporter-output>
        </test-method> <!-- printing_survey_title -->
        <test-method is-config="true" signature="closeBrowser()[pri:0, instance:Testcases.Post_login@1eef9aef]" started-at="2024-07-08T10:55:17 IST" name="closeBrowser" finished-at="2024-07-08T10:55:18 IST" duration-ms="374" status="PASS">
          <reporter-output>
          </reporter-output>
        </test-method> <!-- closeBrowser -->
        <test-method is-config="true" signature="setup()[pri:0, instance:Testcases.Post_login@1eef9aef]" started-at="2024-07-08T10:55:18 IST" name="setup" finished-at="2024-07-08T10:55:19 IST" duration-ms="1684" status="PASS">
          <reporter-output>
          </reporter-output>
        </test-method> <!-- setup -->
        <test-method signature="allsurveys_cardLIST()[pri:6, instance:Testcases.Post_login@1eef9aef]" started-at="2024-07-08T10:55:19 IST" name="allsurveys_cardLIST" finished-at="2024-07-08T10:55:31 IST" duration-ms="11614" status="PASS">
          <reporter-output>
          </reporter-output>
        </test-method> <!-- allsurveys_cardLIST -->
        <test-method is-config="true" signature="closeBrowser()[pri:0, instance:Testcases.Post_login@1eef9aef]" started-at="2024-07-08T10:55:31 IST" name="closeBrowser" finished-at="2024-07-08T10:55:32 IST" duration-ms="658" status="PASS">
          <reporter-output>
          </reporter-output>
        </test-method> <!-- closeBrowser -->
        <test-method is-config="true" signature="setup()[pri:0, instance:Testcases.Post_login@1eef9aef]" started-at="2024-07-08T10:55:32 IST" name="setup" finished-at="2024-07-08T10:55:33 IST" duration-ms="1678" status="PASS">
          <reporter-output>
          </reporter-output>
        </test-method> <!-- setup -->
        <test-method signature="Scheduled_surveys_cardNumber()[pri:7, instance:Testcases.Post_login@1eef9aef]" started-at="2024-07-08T10:55:33 IST" name="Scheduled_surveys_cardNumber" finished-at="2024-07-08T10:55:49 IST" duration-ms="15326" status="PASS">
          <reporter-output>
          </reporter-output>
        </test-method> <!-- Scheduled_surveys_cardNumber -->
        <test-method is-config="true" signature="closeBrowser()[pri:0, instance:Testcases.Post_login@1eef9aef]" started-at="2024-07-08T10:55:49 IST" name="closeBrowser" finished-at="2024-07-08T10:55:49 IST" duration-ms="171" status="PASS">
          <reporter-output>
          </reporter-output>
        </test-method> <!-- closeBrowser -->
        <test-method is-config="true" signature="setup()[pri:0, instance:Testcases.Post_login@1eef9aef]" started-at="2024-07-08T10:55:49 IST" name="setup" finished-at="2024-07-08T10:55:50 IST" duration-ms="1515" status="PASS">
          <reporter-output>
          </reporter-output>
        </test-method> <!-- setup -->
        <test-method signature="Completed_survey_list()[pri:8, instance:Testcases.Post_login@1eef9aef]" started-at="2024-07-08T10:55:50 IST" name="Completed_survey_list" finished-at="2024-07-08T10:56:06 IST" duration-ms="15245" status="PASS">
          <reporter-output>
          </reporter-output>
        </test-method> <!-- Completed_survey_list -->
        <test-method is-config="true" signature="closeBrowser()[pri:0, instance:Testcases.Post_login@1eef9aef]" started-at="2024-07-08T10:56:06 IST" name="closeBrowser" finished-at="2024-07-08T10:56:06 IST" duration-ms="193" status="PASS">
          <reporter-output>
          </reporter-output>
        </test-method> <!-- closeBrowser -->
        <test-method is-config="true" signature="setup()[pri:0, instance:Testcases.Post_login@1eef9aef]" started-at="2024-07-08T10:56:06 IST" name="setup" finished-at="2024-07-08T10:56:07 IST" duration-ms="1499" status="PASS">
          <reporter-output>
          </reporter-output>
        </test-method> <!-- setup -->
        <test-method signature="LIVE_surveycard_Numbers()[pri:9, instance:Testcases.Post_login@1eef9aef]" started-at="2024-07-08T10:56:07 IST" name="LIVE_surveycard_Numbers" finished-at="2024-07-08T10:56:23 IST" duration-ms="15380" status="PASS">
          <reporter-output>
          </reporter-output>
        </test-method> <!-- LIVE_surveycard_Numbers -->
        <test-method is-config="true" signature="closeBrowser()[pri:0, instance:Testcases.Post_login@1eef9aef]" started-at="2024-07-08T10:56:23 IST" name="closeBrowser" finished-at="2024-07-08T10:56:23 IST" duration-ms="241" status="PASS">
          <reporter-output>
          </reporter-output>
        </test-method> <!-- closeBrowser -->
        <test-method is-config="true" signature="setup()[pri:0, instance:Testcases.Post_login@1eef9aef]" started-at="2024-07-08T10:56:23 IST" name="setup" finished-at="2024-07-08T10:56:25 IST" duration-ms="1526" status="PASS">
          <reporter-output>
          </reporter-output>
        </test-method> <!-- setup -->
        <test-method signature="Overview()[pri:10, instance:Testcases.Post_login@1eef9aef]" started-at="2024-07-08T10:56:25 IST" name="Overview" finished-at="2024-07-08T10:56:38 IST" duration-ms="13183" status="PASS">
          <reporter-output>
          </reporter-output>
        </test-method> <!-- Overview -->
        <test-method is-config="true" signature="closeBrowser()[pri:0, instance:Testcases.Post_login@1eef9aef]" started-at="2024-07-08T10:56:38 IST" name="closeBrowser" finished-at="2024-07-08T10:56:38 IST" duration-ms="236" status="PASS">
          <reporter-output>
          </reporter-output>
        </test-method> <!-- closeBrowser -->
        <test-method is-config="true" signature="setup()[pri:0, instance:Testcases.Post_login@1eef9aef]" started-at="2024-07-08T10:56:38 IST" name="setup" finished-at="2024-07-08T10:56:40 IST" duration-ms="1623" status="PASS">
          <reporter-output>
          </reporter-output>
        </test-method> <!-- setup -->
        <test-method signature="allsurveys_Heading()[pri:11, instance:Testcases.Post_login@1eef9aef]" started-at="2024-07-08T10:56:40 IST" name="allsurveys_Heading" finished-at="2024-07-08T10:56:52 IST" duration-ms="12212" status="PASS">
          <reporter-output>
          </reporter-output>
        </test-method> <!-- allsurveys_Heading -->
        <test-method is-config="true" signature="closeBrowser()[pri:0, instance:Testcases.Post_login@1eef9aef]" started-at="2024-07-08T10:56:52 IST" name="closeBrowser" finished-at="2024-07-08T10:56:53 IST" duration-ms="956" status="PASS">
          <reporter-output>
          </reporter-output>
        </test-method> <!-- closeBrowser -->
        <test-method is-config="true" signature="setup()[pri:0, instance:Testcases.Post_login@1eef9aef]" started-at="2024-07-08T10:56:53 IST" name="setup" finished-at="2024-07-08T10:56:54 IST" duration-ms="1483" status="PASS">
          <reporter-output>
          </reporter-output>
        </test-method> <!-- setup -->
        <test-method retried="true" signature="print_the_firstsurvey_response()[pri:12, instance:Testcases.Post_login@1eef9aef]" started-at="2024-07-08T10:56:54 IST" name="print_the_firstsurvey_response" finished-at="2024-07-08T10:57:31 IST" duration-ms="37294" status="SKIP">
          <exception class="java.lang.AssertionError">
            <message>
              <![CDATA[No survey questions found expected [false] but found [true]]]>
            </message>
            <full-stacktrace>
              <![CDATA[java.lang.AssertionError: No survey questions found expected [false] but found [true]
at org.testng.Assert.fail(Assert.java:110)
at org.testng.Assert.failNotEquals(Assert.java:1577)
at org.testng.Assert.assertFalse(Assert.java:78)
at Testcases.Post_login.print_the_firstsurvey_response(Post_login.java:285)
at java.base/jdk.internal.reflect.NativeMethodAccessorImpl.invoke0(Native Method)
at java.base/jdk.internal.reflect.NativeMethodAccessorImpl.invoke(NativeMethodAccessorImpl.java:77)
at java.base/jdk.internal.reflect.DelegatingMethodAccessorImpl.invoke(DelegatingMethodAccessorImpl.java:43)
at java.base/java.lang.reflect.Method.invoke(Method.java:568)
at org.testng.internal.invokers.MethodInvocationHelper.invokeMethod(MethodInvocationHelper.java:139)
at org.testng.internal.invokers.TestInvoker.invokeMethod(TestInvoker.java:677)
at org.testng.internal.invokers.TestInvoker.invokeTestMethod(TestInvoker.java:221)
at org.testng.internal.invokers.MethodRunner.runInSequence(MethodRunner.java:50)
at org.testng.internal.invokers.TestInvoker$MethodInvocationAgent.invoke(TestInvoker.java:969)
at org.testng.internal.invokers.TestInvoker.invokeTestMethods(TestInvoker.java:194)
at org.testng.internal.invokers.TestMethodWorker.invokeTestMethods(TestMethodWorker.java:148)
at org.testng.internal.invokers.TestMethodWorker.run(TestMethodWorker.java:128)
at java.base/java.util.ArrayList.forEach(ArrayList.java:1511)
at org.testng.TestRunner.privateRun(TestRunner.java:829)
at org.testng.TestRunner.run(TestRunner.java:602)
at org.testng.SuiteRunner.runTest(SuiteRunner.java:437)
at org.testng.SuiteRunner.runSequentially(SuiteRunner.java:431)
at org.testng.SuiteRunner.privateRun(SuiteRunner.java:391)
at org.testng.SuiteRunner.run(SuiteRunner.java:330)
at org.testng.SuiteRunnerWorker.runSuite(SuiteRunnerWorker.java:52)
at org.testng.SuiteRunnerWorker.run(SuiteRunnerWorker.java:95)
at org.testng.TestNG.runSuitesSequentially(TestNG.java:1256)
at org.testng.TestNG.runSuitesLocally(TestNG.java:1176)
at org.testng.TestNG.runSuites(TestNG.java:1099)
at org.testng.TestNG.run(TestNG.java:1067)
at org.testng.remote.AbstractRemoteTestNG.run(AbstractRemoteTestNG.java:115)
at org.testng.remote.RemoteTestNG.initAndRun(RemoteTestNG.java:293)
at org.testng.remote.RemoteTestNG.main(RemoteTestNG.java:91)
]]>
            </full-stacktrace>
          </exception> <!-- java.lang.AssertionError -->
          <reporter-output>
          </reporter-output>
        </test-method> <!-- print_the_firstsurvey_response -->
        <test-method is-config="true" signature="closeBrowser()[pri:0, instance:Testcases.Post_login@1eef9aef]" started-at="2024-07-08T10:57:32 IST" name="closeBrowser" finished-at="2024-07-08T10:57:32 IST" duration-ms="192" status="PASS">
          <reporter-output>
          </reporter-output>
        </test-method> <!-- closeBrowser -->
        <test-method is-config="true" signature="setup()[pri:0, instance:Testcases.Post_login@1eef9aef]" started-at="2024-07-08T10:57:32 IST" name="setup" finished-at="2024-07-08T10:57:35 IST" duration-ms="2863" status="PASS">
          <reporter-output>
          </reporter-output>
        </test-method> <!-- setup -->
        <test-method signature="print_the_firstsurvey_response()[pri:12, instance:Testcases.Post_login@1eef9aef]" started-at="2024-07-08T10:57:35 IST" name="print_the_firstsurvey_response" finished-at="2024-07-08T10:58:12 IST" duration-ms="37254" status="FAIL">
          <exception class="java.lang.AssertionError">
            <message>
              <![CDATA[No survey questions found expected [false] but found [true]]]>
            </message>
            <full-stacktrace>
              <![CDATA[java.lang.AssertionError: No survey questions found expected [false] but found [true]
at org.testng.Assert.fail(Assert.java:110)
at org.testng.Assert.failNotEquals(Assert.java:1577)
at org.testng.Assert.assertFalse(Assert.java:78)
at Testcases.Post_login.print_the_firstsurvey_response(Post_login.java:285)
at java.base/jdk.internal.reflect.NativeMethodAccessorImpl.invoke0(Native Method)
at java.base/jdk.internal.reflect.NativeMethodAccessorImpl.invoke(NativeMethodAccessorImpl.java:77)
at java.base/jdk.internal.reflect.DelegatingMethodAccessorImpl.invoke(DelegatingMethodAccessorImpl.java:43)
at java.base/java.lang.reflect.Method.invoke(Method.java:568)
at org.testng.internal.invokers.MethodInvocationHelper.invokeMethod(MethodInvocationHelper.java:139)
at org.testng.internal.invokers.TestInvoker.invokeMethod(TestInvoker.java:677)
at org.testng.internal.invokers.TestInvoker.retryFailed(TestInvoker.java:263)
at org.testng.internal.invokers.MethodRunner.runInSequence(MethodRunner.java:62)
at org.testng.internal.invokers.TestInvoker$MethodInvocationAgent.invoke(TestInvoker.java:969)
at org.testng.internal.invokers.TestInvoker.invokeTestMethods(TestInvoker.java:194)
at org.testng.internal.invokers.TestMethodWorker.invokeTestMethods(TestMethodWorker.java:148)
at org.testng.internal.invokers.TestMethodWorker.run(TestMethodWorker.java:128)
at java.base/java.util.ArrayList.forEach(ArrayList.java:1511)
at org.testng.TestRunner.privateRun(TestRunner.java:829)
at org.testng.TestRunner.run(TestRunner.java:602)
at org.testng.SuiteRunner.runTest(SuiteRunner.java:437)
at org.testng.SuiteRunner.runSequentially(SuiteRunner.java:431)
at org.testng.SuiteRunner.privateRun(SuiteRunner.java:391)
at org.testng.SuiteRunner.run(SuiteRunner.java:330)
at org.testng.SuiteRunnerWorker.runSuite(SuiteRunnerWorker.java:52)
at org.testng.SuiteRunnerWorker.run(SuiteRunnerWorker.java:95)
at org.testng.TestNG.runSuitesSequentially(TestNG.java:1256)
at org.testng.TestNG.runSuitesLocally(TestNG.java:1176)
at org.testng.TestNG.runSuites(TestNG.java:1099)
at org.testng.TestNG.run(TestNG.java:1067)
at org.testng.remote.AbstractRemoteTestNG.run(AbstractRemoteTestNG.java:115)
at org.testng.remote.RemoteTestNG.initAndRun(RemoteTestNG.java:293)
at org.testng.remote.RemoteTestNG.main(RemoteTestNG.java:91)
]]>
            </full-stacktrace>
          </exception> <!-- java.lang.AssertionError -->
          <reporter-output>
          </reporter-output>
        </test-method> <!-- print_the_firstsurvey_response -->
        <test-method is-config="true" signature="closeBrowser()[pri:0, instance:Testcases.Post_login@1eef9aef]" started-at="2024-07-08T10:58:12 IST" name="closeBrowser" finished-at="2024-07-08T10:58:12 IST" duration-ms="179" status="PASS">
          <reporter-output>
          </reporter-output>
        </test-method> <!-- closeBrowser -->
        <test-method is-config="true" signature="setup()[pri:0, instance:Testcases.Post_login@1eef9aef]" started-at="2024-07-08T10:58:12 IST" name="setup" finished-at="2024-07-08T10:58:15 IST" duration-ms="3475" status="PASS">
          <reporter-output>
          </reporter-output>
        </test-method> <!-- setup -->
        <test-method signature="change_filters()[pri:13, instance:Testcases.Post_login@1eef9aef]" started-at="2024-07-08T10:58:15 IST" name="change_filters" finished-at="2024-07-08T10:58:36 IST" duration-ms="20743" status="PASS">
          <reporter-output>
          </reporter-output>
        </test-method> <!-- change_filters -->
        <test-method is-config="true" signature="closeBrowser()[pri:0, instance:Testcases.Post_login@1eef9aef]" started-at="2024-07-08T10:58:36 IST" name="closeBrowser" finished-at="2024-07-08T10:58:37 IST" duration-ms="280" status="PASS">
          <reporter-output>
          </reporter-output>
        </test-method> <!-- closeBrowser -->
        <test-method is-config="true" signature="setup()[pri:0, instance:Testcases.Post_login@1eef9aef]" started-at="2024-07-08T10:58:37 IST" name="setup" finished-at="2024-07-08T10:58:38 IST" duration-ms="1521" status="PASS">
          <reporter-output>
          </reporter-output>
        </test-method> <!-- setup -->
        <test-method signature="login_switch_home()[pri:14, instance:Testcases.Post_login@1eef9aef]" started-at="2024-07-08T10:58:38 IST" name="login_switch_home" finished-at="2024-07-08T10:58:59 IST" duration-ms="20635" status="PASS">
          <reporter-output>
          </reporter-output>
        </test-method> <!-- login_switch_home -->
        <test-method is-config="true" signature="closeBrowser()[pri:0, instance:Testcases.Post_login@1eef9aef]" started-at="2024-07-08T10:58:59 IST" name="closeBrowser" finished-at="2024-07-08T10:58:59 IST" duration-ms="212" status="PASS">
          <reporter-output>
          </reporter-output>
        </test-method> <!-- closeBrowser -->
        <test-method is-config="true" signature="setup()[pri:0, instance:Testcases.Post_login@1eef9aef]" started-at="2024-07-08T10:58:59 IST" name="setup" finished-at="2024-07-08T10:59:00 IST" duration-ms="1506" status="PASS">
          <reporter-output>
          </reporter-output>
        </test-method> <!-- setup -->
        <test-method signature="getstarted_login()[pri:15, instance:Testcases.Post_login@1eef9aef]" started-at="2024-07-08T10:59:00 IST" name="getstarted_login" finished-at="2024-07-08T10:59:27 IST" duration-ms="26170" status="PASS">
          <reporter-output>
          </reporter-output>
        </test-method> <!-- getstarted_login -->
        <test-method is-config="true" signature="closeBrowser()[pri:0, instance:Testcases.Post_login@1eef9aef]" started-at="2024-07-08T10:59:27 IST" name="closeBrowser" finished-at="2024-07-08T10:59:27 IST" duration-ms="230" status="PASS">
          <reporter-output>
          </reporter-output>
        </test-method> <!-- closeBrowser -->
        <test-method is-config="true" signature="setup()[pri:0, instance:Testcases.Post_login@1eef9aef]" started-at="2024-07-08T10:59:27 IST" name="setup" finished-at="2024-07-08T10:59:28 IST" duration-ms="1616" status="PASS">
          <reporter-output>
          </reporter-output>
        </test-method> <!-- setup -->
        <test-method retried="true" signature="verifySignupNotDisplayedAfterNavigation()[pri:16, instance:Testcases.Post_login@1eef9aef]" started-at="2024-07-08T10:59:28 IST" name="verifySignupNotDisplayedAfterNavigation" finished-at="2024-07-08T10:59:47 IST" duration-ms="18572" status="SKIP">
          <exception class="java.lang.AssertionError">
            <message>
              <![CDATA[Signup screen is still displayed after navigating back expected [false] but found [true]]]>
            </message>
            <full-stacktrace>
              <![CDATA[java.lang.AssertionError: Signup screen is still displayed after navigating back expected [false] but found [true]
at org.testng.Assert.fail(Assert.java:110)
at org.testng.Assert.failNotEquals(Assert.java:1577)
at org.testng.Assert.assertFalse(Assert.java:78)
at Testcases.Post_login.verifySignupNotDisplayedAfterNavigation(Post_login.java:424)
at java.base/jdk.internal.reflect.NativeMethodAccessorImpl.invoke0(Native Method)
at java.base/jdk.internal.reflect.NativeMethodAccessorImpl.invoke(NativeMethodAccessorImpl.java:77)
at java.base/jdk.internal.reflect.DelegatingMethodAccessorImpl.invoke(DelegatingMethodAccessorImpl.java:43)
at java.base/java.lang.reflect.Method.invoke(Method.java:568)
at org.testng.internal.invokers.MethodInvocationHelper.invokeMethod(MethodInvocationHelper.java:139)
at org.testng.internal.invokers.TestInvoker.invokeMethod(TestInvoker.java:677)
at org.testng.internal.invokers.TestInvoker.invokeTestMethod(TestInvoker.java:221)
at org.testng.internal.invokers.MethodRunner.runInSequence(MethodRunner.java:50)
at org.testng.internal.invokers.TestInvoker$MethodInvocationAgent.invoke(TestInvoker.java:969)
at org.testng.internal.invokers.TestInvoker.invokeTestMethods(TestInvoker.java:194)
at org.testng.internal.invokers.TestMethodWorker.invokeTestMethods(TestMethodWorker.java:148)
at org.testng.internal.invokers.TestMethodWorker.run(TestMethodWorker.java:128)
at java.base/java.util.ArrayList.forEach(ArrayList.java:1511)
at org.testng.TestRunner.privateRun(TestRunner.java:829)
at org.testng.TestRunner.run(TestRunner.java:602)
at org.testng.SuiteRunner.runTest(SuiteRunner.java:437)
at org.testng.SuiteRunner.runSequentially(SuiteRunner.java:431)
at org.testng.SuiteRunner.privateRun(SuiteRunner.java:391)
at org.testng.SuiteRunner.run(SuiteRunner.java:330)
at org.testng.SuiteRunnerWorker.runSuite(SuiteRunnerWorker.java:52)
at org.testng.SuiteRunnerWorker.run(SuiteRunnerWorker.java:95)
at org.testng.TestNG.runSuitesSequentially(TestNG.java:1256)
at org.testng.TestNG.runSuitesLocally(TestNG.java:1176)
at org.testng.TestNG.runSuites(TestNG.java:1099)
at org.testng.TestNG.run(TestNG.java:1067)
at org.testng.remote.AbstractRemoteTestNG.run(AbstractRemoteTestNG.java:115)
at org.testng.remote.RemoteTestNG.initAndRun(RemoteTestNG.java:293)
at org.testng.remote.RemoteTestNG.main(RemoteTestNG.java:91)
]]>
            </full-stacktrace>
          </exception> <!-- java.lang.AssertionError -->
          <reporter-output>
          </reporter-output>
        </test-method> <!-- verifySignupNotDisplayedAfterNavigation -->
        <test-method is-config="true" signature="closeBrowser()[pri:0, instance:Testcases.Post_login@1eef9aef]" started-at="2024-07-08T10:59:47 IST" name="closeBrowser" finished-at="2024-07-08T10:59:48 IST" duration-ms="591" status="PASS">
          <reporter-output>
          </reporter-output>
        </test-method> <!-- closeBrowser -->
        <test-method is-config="true" signature="setup()[pri:0, instance:Testcases.Post_login@1eef9aef]" started-at="2024-07-08T10:59:48 IST" name="setup" finished-at="2024-07-08T10:59:49 IST" duration-ms="1560" status="PASS">
          <reporter-output>
          </reporter-output>
        </test-method> <!-- setup -->
        <test-method signature="verifySignupNotDisplayedAfterNavigation()[pri:16, instance:Testcases.Post_login@1eef9aef]" started-at="2024-07-08T10:59:49 IST" name="verifySignupNotDisplayedAfterNavigation" finished-at="2024-07-08T11:00:08 IST" duration-ms="18550" status="FAIL">
          <exception class="java.lang.AssertionError">
            <message>
              <![CDATA[Signup screen is still displayed after navigating back expected [false] but found [true]]]>
            </message>
            <full-stacktrace>
              <![CDATA[java.lang.AssertionError: Signup screen is still displayed after navigating back expected [false] but found [true]
at org.testng.Assert.fail(Assert.java:110)
at org.testng.Assert.failNotEquals(Assert.java:1577)
at org.testng.Assert.assertFalse(Assert.java:78)
at Testcases.Post_login.verifySignupNotDisplayedAfterNavigation(Post_login.java:424)
at java.base/jdk.internal.reflect.NativeMethodAccessorImpl.invoke0(Native Method)
at java.base/jdk.internal.reflect.NativeMethodAccessorImpl.invoke(NativeMethodAccessorImpl.java:77)
at java.base/jdk.internal.reflect.DelegatingMethodAccessorImpl.invoke(DelegatingMethodAccessorImpl.java:43)
at java.base/java.lang.reflect.Method.invoke(Method.java:568)
at org.testng.internal.invokers.MethodInvocationHelper.invokeMethod(MethodInvocationHelper.java:139)
at org.testng.internal.invokers.TestInvoker.invokeMethod(TestInvoker.java:677)
at org.testng.internal.invokers.TestInvoker.retryFailed(TestInvoker.java:263)
at org.testng.internal.invokers.MethodRunner.runInSequence(MethodRunner.java:62)
at org.testng.internal.invokers.TestInvoker$MethodInvocationAgent.invoke(TestInvoker.java:969)
at org.testng.internal.invokers.TestInvoker.invokeTestMethods(TestInvoker.java:194)
at org.testng.internal.invokers.TestMethodWorker.invokeTestMethods(TestMethodWorker.java:148)
at org.testng.internal.invokers.TestMethodWorker.run(TestMethodWorker.java:128)
at java.base/java.util.ArrayList.forEach(ArrayList.java:1511)
at org.testng.TestRunner.privateRun(TestRunner.java:829)
at org.testng.TestRunner.run(TestRunner.java:602)
at org.testng.SuiteRunner.runTest(SuiteRunner.java:437)
at org.testng.SuiteRunner.runSequentially(SuiteRunner.java:431)
at org.testng.SuiteRunner.privateRun(SuiteRunner.java:391)
at org.testng.SuiteRunner.run(SuiteRunner.java:330)
at org.testng.SuiteRunnerWorker.runSuite(SuiteRunnerWorker.java:52)
at org.testng.SuiteRunnerWorker.run(SuiteRunnerWorker.java:95)
at org.testng.TestNG.runSuitesSequentially(TestNG.java:1256)
at org.testng.TestNG.runSuitesLocally(TestNG.java:1176)
at org.testng.TestNG.runSuites(TestNG.java:1099)
at org.testng.TestNG.run(TestNG.java:1067)
at org.testng.remote.AbstractRemoteTestNG.run(AbstractRemoteTestNG.java:115)
at org.testng.remote.RemoteTestNG.initAndRun(RemoteTestNG.java:293)
at org.testng.remote.RemoteTestNG.main(RemoteTestNG.java:91)
]]>
            </full-stacktrace>
          </exception> <!-- java.lang.AssertionError -->
          <reporter-output>
          </reporter-output>
        </test-method> <!-- verifySignupNotDisplayedAfterNavigation -->
        <test-method is-config="true" signature="closeBrowser()[pri:0, instance:Testcases.Post_login@1eef9aef]" started-at="2024-07-08T11:00:08 IST" name="closeBrowser" finished-at="2024-07-08T11:00:08 IST" duration-ms="758" status="PASS">
          <reporter-output>
          </reporter-output>
        </test-method> <!-- closeBrowser -->
        <test-method is-config="true" signature="setup()[pri:0, instance:Testcases.Post_login@1eef9aef]" started-at="2024-07-08T11:00:08 IST" name="setup" finished-at="2024-07-08T11:00:10 IST" duration-ms="1490" status="PASS">
          <reporter-output>
          </reporter-output>
        </test-method> <!-- setup -->
        <test-method signature="Delete_cookies()[pri:17, instance:Testcases.Post_login@1eef9aef]" started-at="2024-07-08T11:00:10 IST" name="Delete_cookies" finished-at="2024-07-08T11:00:25 IST" duration-ms="14671" status="PASS">
          <reporter-output>
          </reporter-output>
        </test-method> <!-- Delete_cookies -->
        <test-method is-config="true" signature="closeBrowser()[pri:0, instance:Testcases.Post_login@1eef9aef]" started-at="2024-07-08T11:00:25 IST" name="closeBrowser" finished-at="2024-07-08T11:00:25 IST" duration-ms="204" status="PASS">
          <reporter-output>
          </reporter-output>
        </test-method> <!-- closeBrowser -->
        <test-method is-config="true" signature="tearDownExtentReports()[pri:0, instance:Testcases.Post_login@1eef9aef]" started-at="2024-07-08T11:08:09 IST" name="tearDownExtentReports" finished-at="2024-07-08T11:08:09 IST" duration-ms="112" status="PASS">
          <reporter-output>
          </reporter-output>
        </test-method> <!-- tearDownExtentReports -->
      </class> <!-- Testcases.Post_login -->
      <class name="Testcases.Login_in">
        <test-method is-config="true" signature="setup()[pri:0, instance:Testcases.Login_in@7df587ef]" started-at="2024-07-08T11:03:18 IST" name="setup" finished-at="2024-07-08T11:03:20 IST" duration-ms="1216" status="PASS">
          <reporter-output>
          </reporter-output>
        </test-method> <!-- setup -->
        <test-method signature="clickon_login()[pri:1, instance:Testcases.Login_in@7df587ef]" started-at="2024-07-08T11:03:20 IST" name="clickon_login" finished-at="2024-07-08T11:03:34 IST" duration-ms="13888" status="PASS">
          <reporter-output>
          </reporter-output>
        </test-method> <!-- clickon_login -->
        <test-method is-config="true" signature="closeBrowser()[pri:0, instance:Testcases.Login_in@7df587ef]" started-at="2024-07-08T11:03:34 IST" name="closeBrowser" finished-at="2024-07-08T11:03:34 IST" duration-ms="743" status="PASS">
          <reporter-output>
          </reporter-output>
        </test-method> <!-- closeBrowser -->
        <test-method is-config="true" signature="setup()[pri:0, instance:Testcases.Login_in@7df587ef]" started-at="2024-07-08T11:03:34 IST" name="setup" finished-at="2024-07-08T11:03:36 IST" duration-ms="1517" status="PASS">
          <reporter-output>
          </reporter-output>
        </test-method> <!-- setup -->
        <test-method signature="Resend_OTP()[pri:2, instance:Testcases.Login_in@7df587ef]" started-at="2024-07-08T11:03:36 IST" name="Resend_OTP" finished-at="2024-07-08T11:04:27 IST" duration-ms="51201" status="PASS">
          <reporter-output>
          </reporter-output>
        </test-method> <!-- Resend_OTP -->
        <test-method is-config="true" signature="closeBrowser()[pri:0, instance:Testcases.Login_in@7df587ef]" started-at="2024-07-08T11:04:27 IST" name="closeBrowser" finished-at="2024-07-08T11:04:27 IST" duration-ms="199" status="PASS">
          <reporter-output>
          </reporter-output>
        </test-method> <!-- closeBrowser -->
        <test-method is-config="true" signature="setup()[pri:0, instance:Testcases.Login_in@7df587ef]" started-at="2024-07-08T11:04:27 IST" name="setup" finished-at="2024-07-08T11:04:30 IST" duration-ms="3225" status="PASS">
          <reporter-output>
          </reporter-output>
        </test-method> <!-- setup -->
        <test-method signature="Invalid_Email()[pri:3, instance:Testcases.Login_in@7df587ef]" started-at="2024-07-08T11:04:30 IST" name="Invalid_Email" finished-at="2024-07-08T11:04:41 IST" duration-ms="10942" status="PASS">
          <reporter-output>
          </reporter-output>
        </test-method> <!-- Invalid_Email -->
        <test-method is-config="true" signature="closeBrowser()[pri:0, instance:Testcases.Login_in@7df587ef]" started-at="2024-07-08T11:04:41 IST" name="closeBrowser" finished-at="2024-07-08T11:04:42 IST" duration-ms="835" status="PASS">
          <reporter-output>
          </reporter-output>
        </test-method> <!-- closeBrowser -->
        <test-method is-config="true" signature="setup()[pri:0, instance:Testcases.Login_in@7df587ef]" started-at="2024-07-08T11:04:42 IST" name="setup" finished-at="2024-07-08T11:04:45 IST" duration-ms="2523" status="PASS">
          <reporter-output>
          </reporter-output>
        </test-method> <!-- setup -->
        <test-method signature="email_error_message()[pri:4, instance:Testcases.Login_in@7df587ef]" started-at="2024-07-08T11:04:45 IST" name="email_error_message" finished-at="2024-07-08T11:04:56 IST" duration-ms="11021" status="PASS">
          <reporter-output>
          </reporter-output>
        </test-method> <!-- email_error_message -->
        <test-method is-config="true" signature="closeBrowser()[pri:0, instance:Testcases.Login_in@7df587ef]" started-at="2024-07-08T11:04:56 IST" name="closeBrowser" finished-at="2024-07-08T11:04:56 IST" duration-ms="184" status="PASS">
          <reporter-output>
          </reporter-output>
        </test-method> <!-- closeBrowser -->
        <test-method is-config="true" signature="setup()[pri:0, instance:Testcases.Login_in@7df587ef]" started-at="2024-07-08T11:04:56 IST" name="setup" finished-at="2024-07-08T11:04:58 IST" duration-ms="2505" status="PASS">
          <reporter-output>
          </reporter-output>
        </test-method> <!-- setup -->
        <test-method signature="OTP_error()[pri:5, instance:Testcases.Login_in@7df587ef]" started-at="2024-07-08T11:04:58 IST" name="OTP_error" finished-at="2024-07-08T11:05:14 IST" duration-ms="15730" status="PASS">
          <reporter-output>
          </reporter-output>
        </test-method> <!-- OTP_error -->
        <test-method is-config="true" signature="closeBrowser()[pri:0, instance:Testcases.Login_in@7df587ef]" started-at="2024-07-08T11:05:14 IST" name="closeBrowser" finished-at="2024-07-08T11:05:14 IST" duration-ms="215" status="PASS">
          <reporter-output>
          </reporter-output>
        </test-method> <!-- closeBrowser -->
        <test-method is-config="true" signature="setup()[pri:0, instance:Testcases.Login_in@7df587ef]" started-at="2024-07-08T11:05:14 IST" name="setup" finished-at="2024-07-08T11:05:18 IST" duration-ms="3594" status="PASS">
          <reporter-output>
          </reporter-output>
        </test-method> <!-- setup -->
        <test-method signature="login_signup()[pri:6, instance:Testcases.Login_in@7df587ef]" started-at="2024-07-08T11:05:18 IST" name="login_signup" finished-at="2024-07-08T11:05:20 IST" duration-ms="1701" status="PASS">
          <reporter-output>
          </reporter-output>
        </test-method> <!-- login_signup -->
        <test-method is-config="true" signature="closeBrowser()[pri:0, instance:Testcases.Login_in@7df587ef]" started-at="2024-07-08T11:05:20 IST" name="closeBrowser" finished-at="2024-07-08T11:05:20 IST" duration-ms="142" status="PASS">
          <reporter-output>
          </reporter-output>
        </test-method> <!-- closeBrowser -->
        <test-method is-config="true" signature="setup()[pri:0, instance:Testcases.Login_in@7df587ef]" started-at="2024-07-08T11:05:20 IST" name="setup" finished-at="2024-07-08T11:05:21 IST" duration-ms="1613" status="PASS">
          <reporter-output>
          </reporter-output>
        </test-method> <!-- setup -->
        <test-method signature="New_emailid()[pri:7, instance:Testcases.Login_in@7df587ef]" started-at="2024-07-08T11:05:21 IST" name="New_emailid" finished-at="2024-07-08T11:05:33 IST" duration-ms="11130" status="PASS">
          <reporter-output>
          </reporter-output>
        </test-method> <!-- New_emailid -->
        <test-method is-config="true" signature="closeBrowser()[pri:0, instance:Testcases.Login_in@7df587ef]" started-at="2024-07-08T11:05:33 IST" name="closeBrowser" finished-at="2024-07-08T11:05:34 IST" duration-ms="1140" status="PASS">
          <reporter-output>
          </reporter-output>
        </test-method> <!-- closeBrowser -->
        <test-method is-config="true" signature="setup()[pri:0, instance:Testcases.Login_in@7df587ef]" started-at="2024-07-08T11:05:34 IST" name="setup" finished-at="2024-07-08T11:05:35 IST" duration-ms="1479" status="PASS">
          <reporter-output>
          </reporter-output>
        </test-method> <!-- setup -->
        <test-method signature="signup_login()[pri:8, instance:Testcases.Login_in@7df587ef]" started-at="2024-07-08T11:05:35 IST" name="signup_login" finished-at="2024-07-08T11:05:47 IST" duration-ms="12257" status="PASS">
          <reporter-output>
          </reporter-output>
        </test-method> <!-- signup_login -->
        <test-method is-config="true" signature="closeBrowser()[pri:0, instance:Testcases.Login_in@7df587ef]" started-at="2024-07-08T11:05:47 IST" name="closeBrowser" finished-at="2024-07-08T11:05:48 IST" duration-ms="1001" status="PASS">
          <reporter-output>
          </reporter-output>
        </test-method> <!-- closeBrowser -->
        <test-method is-config="true" signature="setup()[pri:0, instance:Testcases.Login_in@7df587ef]" started-at="2024-07-08T11:05:48 IST" name="setup" finished-at="2024-07-08T11:05:52 IST" duration-ms="3375" status="PASS">
          <reporter-output>
          </reporter-output>
        </test-method> <!-- setup -->
        <test-method signature="New_emailid_clickon_get_started()[pri:9, instance:Testcases.Login_in@7df587ef]" started-at="2024-07-08T11:05:52 IST" name="New_emailid_clickon_get_started" finished-at="2024-07-08T11:06:03 IST" duration-ms="10988" status="PASS">
          <reporter-output>
          </reporter-output>
        </test-method> <!-- New_emailid_clickon_get_started -->
        <test-method is-config="true" signature="closeBrowser()[pri:0, instance:Testcases.Login_in@7df587ef]" started-at="2024-07-08T11:06:03 IST" name="closeBrowser" finished-at="2024-07-08T11:06:04 IST" duration-ms="781" status="PASS">
          <reporter-output>
          </reporter-output>
        </test-method> <!-- closeBrowser -->
        <test-method is-config="true" signature="setup()[pri:0, instance:Testcases.Login_in@7df587ef]" started-at="2024-07-08T11:06:04 IST" name="setup" finished-at="2024-07-08T11:06:05 IST" duration-ms="1540" status="PASS">
          <reporter-output>
          </reporter-output>
        </test-method> <!-- setup -->
        <test-method signature="New_emailidclickon_get_started()[pri:10, instance:Testcases.Login_in@7df587ef]" started-at="2024-07-08T11:06:05 IST" name="New_emailidclickon_get_started" finished-at="2024-07-08T11:06:16 IST" duration-ms="11085" status="PASS">
          <reporter-output>
          </reporter-output>
        </test-method> <!-- New_emailidclickon_get_started -->
        <test-method is-config="true" signature="closeBrowser()[pri:0, instance:Testcases.Login_in@7df587ef]" started-at="2024-07-08T11:06:16 IST" name="closeBrowser" finished-at="2024-07-08T11:06:17 IST" duration-ms="726" status="PASS">
          <reporter-output>
          </reporter-output>
        </test-method> <!-- closeBrowser -->
      </class> <!-- Testcases.Login_in -->
      <class name="Testcases.clickable_function">
        <test-method is-config="true" signature="setup()[pri:0, instance:Testcases.clickable_function@6e57e95e]" started-at="2024-07-08T11:06:17 IST" name="setup" finished-at="2024-07-08T11:06:19 IST" duration-ms="2499" status="PASS">
          <reporter-output>
          </reporter-output>
        </test-method> <!-- setup -->
        <test-method signature="TC_01()[pri:1, instance:Testcases.clickable_function@6e57e95e]" started-at="2024-07-08T11:06:19 IST" name="TC_01" finished-at="2024-07-08T11:06:21 IST" duration-ms="1626" status="PASS">
          <reporter-output>
          </reporter-output>
        </test-method> <!-- TC_01 -->
        <test-method is-config="true" signature="closeBrowser()[pri:0, instance:Testcases.clickable_function@6e57e95e]" started-at="2024-07-08T11:06:21 IST" name="closeBrowser" finished-at="2024-07-08T11:06:21 IST" duration-ms="139" status="PASS">
          <reporter-output>
          </reporter-output>
        </test-method> <!-- closeBrowser -->
        <test-method is-config="true" signature="setup()[pri:0, instance:Testcases.clickable_function@6e57e95e]" started-at="2024-07-08T11:06:21 IST" name="setup" finished-at="2024-07-08T11:06:23 IST" duration-ms="1592" status="PASS">
          <reporter-output>
          </reporter-output>
        </test-method> <!-- setup -->
        <test-method signature="TC_02()[pri:2, instance:Testcases.clickable_function@6e57e95e]" started-at="2024-07-08T11:06:23 IST" name="TC_02" finished-at="2024-07-08T11:06:24 IST" duration-ms="1610" status="PASS">
          <reporter-output>
          </reporter-output>
        </test-method> <!-- TC_02 -->
        <test-method is-config="true" signature="closeBrowser()[pri:0, instance:Testcases.clickable_function@6e57e95e]" started-at="2024-07-08T11:06:24 IST" name="closeBrowser" finished-at="2024-07-08T11:06:25 IST" duration-ms="161" status="PASS">
          <reporter-output>
          </reporter-output>
        </test-method> <!-- closeBrowser -->
        <test-method is-config="true" signature="setup()[pri:0, instance:Testcases.clickable_function@6e57e95e]" started-at="2024-07-08T11:06:25 IST" name="setup" finished-at="2024-07-08T11:06:26 IST" duration-ms="1495" status="PASS">
          <reporter-output>
          </reporter-output>
        </test-method> <!-- setup -->
        <test-method signature="TC_03()[pri:3, instance:Testcases.clickable_function@6e57e95e]" started-at="2024-07-08T11:06:26 IST" name="TC_03" finished-at="2024-07-08T11:06:32 IST" duration-ms="5526" status="PASS">
          <reporter-output>
          </reporter-output>
        </test-method> <!-- TC_03 -->
        <test-method is-config="true" signature="closeBrowser()[pri:0, instance:Testcases.clickable_function@6e57e95e]" started-at="2024-07-08T11:06:32 IST" name="closeBrowser" finished-at="2024-07-08T11:06:32 IST" duration-ms="183" status="PASS">
          <reporter-output>
          </reporter-output>
        </test-method> <!-- closeBrowser -->
        <test-method is-config="true" signature="setup()[pri:0, instance:Testcases.clickable_function@6e57e95e]" started-at="2024-07-08T11:06:32 IST" name="setup" finished-at="2024-07-08T11:06:33 IST" duration-ms="1515" status="PASS">
          <reporter-output>
          </reporter-output>
        </test-method> <!-- setup -->
        <test-method signature="TC_05()[pri:5, instance:Testcases.clickable_function@6e57e95e]" started-at="2024-07-08T11:06:33 IST" name="TC_05" finished-at="2024-07-08T11:06:40 IST" duration-ms="7100" status="PASS">
          <reporter-output>
          </reporter-output>
        </test-method> <!-- TC_05 -->
        <test-method is-config="true" signature="closeBrowser()[pri:0, instance:Testcases.clickable_function@6e57e95e]" started-at="2024-07-08T11:06:40 IST" name="closeBrowser" finished-at="2024-07-08T11:06:41 IST" duration-ms="214" status="PASS">
          <reporter-output>
          </reporter-output>
        </test-method> <!-- closeBrowser -->
        <test-method is-config="true" signature="setup()[pri:0, instance:Testcases.clickable_function@6e57e95e]" started-at="2024-07-08T11:06:41 IST" name="setup" finished-at="2024-07-08T11:06:42 IST" duration-ms="1569" status="PASS">
          <reporter-output>
          </reporter-output>
        </test-method> <!-- setup -->
        <test-method signature="TC_06()[pri:6, instance:Testcases.clickable_function@6e57e95e]" started-at="2024-07-08T11:06:42 IST" name="TC_06" finished-at="2024-07-08T11:06:48 IST" duration-ms="6020" status="PASS">
          <reporter-output>
          </reporter-output>
        </test-method> <!-- TC_06 -->
        <test-method is-config="true" signature="closeBrowser()[pri:0, instance:Testcases.clickable_function@6e57e95e]" started-at="2024-07-08T11:06:48 IST" name="closeBrowser" finished-at="2024-07-08T11:06:48 IST" duration-ms="172" status="PASS">
          <reporter-output>
          </reporter-output>
        </test-method> <!-- closeBrowser -->
        <test-method is-config="true" signature="setup()[pri:0, instance:Testcases.clickable_function@6e57e95e]" started-at="2024-07-08T11:06:48 IST" name="setup" finished-at="2024-07-08T11:06:50 IST" duration-ms="1447" status="PASS">
          <reporter-output>
          </reporter-output>
        </test-method> <!-- setup -->
        <test-method signature="TC_07()[pri:7, instance:Testcases.clickable_function@6e57e95e]" started-at="2024-07-08T11:06:50 IST" name="TC_07" finished-at="2024-07-08T11:06:59 IST" duration-ms="9555" status="PASS">
          <reporter-output>
          </reporter-output>
        </test-method> <!-- TC_07 -->
        <test-method is-config="true" signature="closeBrowser()[pri:0, instance:Testcases.clickable_function@6e57e95e]" started-at="2024-07-08T11:06:59 IST" name="closeBrowser" finished-at="2024-07-08T11:07:00 IST" duration-ms="189" status="PASS">
          <reporter-output>
          </reporter-output>
        </test-method> <!-- closeBrowser -->
        <test-method is-config="true" signature="setup()[pri:0, instance:Testcases.clickable_function@6e57e95e]" started-at="2024-07-08T11:07:00 IST" name="setup" finished-at="2024-07-08T11:07:01 IST" duration-ms="1479" status="PASS">
          <reporter-output>
          </reporter-output>
        </test-method> <!-- setup -->
        <test-method signature="TC_08()[pri:8, instance:Testcases.clickable_function@6e57e95e]" started-at="2024-07-08T11:07:01 IST" name="TC_08" finished-at="2024-07-08T11:07:10 IST" duration-ms="9369" status="PASS">
          <reporter-output>
          </reporter-output>
        </test-method> <!-- TC_08 -->
        <test-method is-config="true" signature="closeBrowser()[pri:0, instance:Testcases.clickable_function@6e57e95e]" started-at="2024-07-08T11:07:10 IST" name="closeBrowser" finished-at="2024-07-08T11:07:11 IST" duration-ms="906" status="PASS">
          <reporter-output>
          </reporter-output>
        </test-method> <!-- closeBrowser -->
        <test-method is-config="true" signature="setup()[pri:0, instance:Testcases.clickable_function@6e57e95e]" started-at="2024-07-08T11:07:11 IST" name="setup" finished-at="2024-07-08T11:07:13 IST" duration-ms="1492" status="PASS">
          <reporter-output>
          </reporter-output>
        </test-method> <!-- setup -->
        <test-method retried="true" signature="TC_09()[pri:9, instance:Testcases.clickable_function@6e57e95e]" started-at="2024-07-08T11:07:13 IST" name="TC_09" finished-at="2024-07-08T11:07:37 IST" duration-ms="23860" status="SKIP">
          <exception class="java.lang.AssertionError">
            <message>
              <![CDATA[No blog elements found expected [true] but found [false]]]>
            </message>
            <full-stacktrace>
              <![CDATA[java.lang.AssertionError: No blog elements found expected [true] but found [false]
at org.testng.Assert.fail(Assert.java:110)
at org.testng.Assert.failNotEquals(Assert.java:1577)
at org.testng.Assert.assertTrue(Assert.java:56)
at Testcases.clickable_function.TC_09(clickable_function.java:230)
at java.base/jdk.internal.reflect.NativeMethodAccessorImpl.invoke0(Native Method)
at java.base/jdk.internal.reflect.NativeMethodAccessorImpl.invoke(NativeMethodAccessorImpl.java:77)
at java.base/jdk.internal.reflect.DelegatingMethodAccessorImpl.invoke(DelegatingMethodAccessorImpl.java:43)
at java.base/java.lang.reflect.Method.invoke(Method.java:568)
at org.testng.internal.invokers.MethodInvocationHelper.invokeMethod(MethodInvocationHelper.java:139)
at org.testng.internal.invokers.TestInvoker.invokeMethod(TestInvoker.java:677)
at org.testng.internal.invokers.TestInvoker.invokeTestMethod(TestInvoker.java:221)
at org.testng.internal.invokers.MethodRunner.runInSequence(MethodRunner.java:50)
at org.testng.internal.invokers.TestInvoker$MethodInvocationAgent.invoke(TestInvoker.java:969)
at org.testng.internal.invokers.TestInvoker.invokeTestMethods(TestInvoker.java:194)
at org.testng.internal.invokers.TestMethodWorker.invokeTestMethods(TestMethodWorker.java:148)
at org.testng.internal.invokers.TestMethodWorker.run(TestMethodWorker.java:128)
at java.base/java.util.ArrayList.forEach(ArrayList.java:1511)
at org.testng.TestRunner.privateRun(TestRunner.java:829)
at org.testng.TestRunner.run(TestRunner.java:602)
at org.testng.SuiteRunner.runTest(SuiteRunner.java:437)
at org.testng.SuiteRunner.runSequentially(SuiteRunner.java:431)
at org.testng.SuiteRunner.privateRun(SuiteRunner.java:391)
at org.testng.SuiteRunner.run(SuiteRunner.java:330)
at org.testng.SuiteRunnerWorker.runSuite(SuiteRunnerWorker.java:52)
at org.testng.SuiteRunnerWorker.run(SuiteRunnerWorker.java:95)
at org.testng.TestNG.runSuitesSequentially(TestNG.java:1256)
at org.testng.TestNG.runSuitesLocally(TestNG.java:1176)
at org.testng.TestNG.runSuites(TestNG.java:1099)
at org.testng.TestNG.run(TestNG.java:1067)
at org.testng.remote.AbstractRemoteTestNG.run(AbstractRemoteTestNG.java:115)
at org.testng.remote.RemoteTestNG.initAndRun(RemoteTestNG.java:293)
at org.testng.remote.RemoteTestNG.main(RemoteTestNG.java:91)
]]>
            </full-stacktrace>
          </exception> <!-- java.lang.AssertionError -->
          <reporter-output>
          </reporter-output>
        </test-method> <!-- TC_09 -->
        <test-method is-config="true" signature="closeBrowser()[pri:0, instance:Testcases.clickable_function@6e57e95e]" started-at="2024-07-08T11:07:37 IST" name="closeBrowser" finished-at="2024-07-08T11:07:37 IST" duration-ms="218" status="PASS">
          <reporter-output>
          </reporter-output>
        </test-method> <!-- closeBrowser -->
        <test-method is-config="true" signature="setup()[pri:0, instance:Testcases.clickable_function@6e57e95e]" started-at="2024-07-08T11:07:37 IST" name="setup" finished-at="2024-07-08T11:07:38 IST" duration-ms="1492" status="PASS">
          <reporter-output>
          </reporter-output>
        </test-method> <!-- setup -->
        <test-method signature="TC_09()[pri:9, instance:Testcases.clickable_function@6e57e95e]" started-at="2024-07-08T11:07:38 IST" name="TC_09" finished-at="2024-07-08T11:08:02 IST" duration-ms="23818" status="FAIL">
          <exception class="java.lang.AssertionError">
            <message>
              <![CDATA[No blog elements found expected [true] but found [false]]]>
            </message>
            <full-stacktrace>
              <![CDATA[java.lang.AssertionError: No blog elements found expected [true] but found [false]
at org.testng.Assert.fail(Assert.java:110)
at org.testng.Assert.failNotEquals(Assert.java:1577)
at org.testng.Assert.assertTrue(Assert.java:56)
at Testcases.clickable_function.TC_09(clickable_function.java:230)
at java.base/jdk.internal.reflect.NativeMethodAccessorImpl.invoke0(Native Method)
at java.base/jdk.internal.reflect.NativeMethodAccessorImpl.invoke(NativeMethodAccessorImpl.java:77)
at java.base/jdk.internal.reflect.DelegatingMethodAccessorImpl.invoke(DelegatingMethodAccessorImpl.java:43)
at java.base/java.lang.reflect.Method.invoke(Method.java:568)
at org.testng.internal.invokers.MethodInvocationHelper.invokeMethod(MethodInvocationHelper.java:139)
at org.testng.internal.invokers.TestInvoker.invokeMethod(TestInvoker.java:677)
at org.testng.internal.invokers.TestInvoker.retryFailed(TestInvoker.java:263)
at org.testng.internal.invokers.MethodRunner.runInSequence(MethodRunner.java:62)
at org.testng.internal.invokers.TestInvoker$MethodInvocationAgent.invoke(TestInvoker.java:969)
at org.testng.internal.invokers.TestInvoker.invokeTestMethods(TestInvoker.java:194)
at org.testng.internal.invokers.TestMethodWorker.invokeTestMethods(TestMethodWorker.java:148)
at org.testng.internal.invokers.TestMethodWorker.run(TestMethodWorker.java:128)
at java.base/java.util.ArrayList.forEach(ArrayList.java:1511)
at org.testng.TestRunner.privateRun(TestRunner.java:829)
at org.testng.TestRunner.run(TestRunner.java:602)
at org.testng.SuiteRunner.runTest(SuiteRunner.java:437)
at org.testng.SuiteRunner.runSequentially(SuiteRunner.java:431)
at org.testng.SuiteRunner.privateRun(SuiteRunner.java:391)
at org.testng.SuiteRunner.run(SuiteRunner.java:330)
at org.testng.SuiteRunnerWorker.runSuite(SuiteRunnerWorker.java:52)
at org.testng.SuiteRunnerWorker.run(SuiteRunnerWorker.java:95)
at org.testng.TestNG.runSuitesSequentially(TestNG.java:1256)
at org.testng.TestNG.runSuitesLocally(TestNG.java:1176)
at org.testng.TestNG.runSuites(TestNG.java:1099)
at org.testng.TestNG.run(TestNG.java:1067)
at org.testng.remote.AbstractRemoteTestNG.run(AbstractRemoteTestNG.java:115)
at org.testng.remote.RemoteTestNG.initAndRun(RemoteTestNG.java:293)
at org.testng.remote.RemoteTestNG.main(RemoteTestNG.java:91)
]]>
            </full-stacktrace>
          </exception> <!-- java.lang.AssertionError -->
          <reporter-output>
          </reporter-output>
        </test-method> <!-- TC_09 -->
        <test-method is-config="true" signature="closeBrowser()[pri:0, instance:Testcases.clickable_function@6e57e95e]" started-at="2024-07-08T11:08:02 IST" name="closeBrowser" finished-at="2024-07-08T11:08:02 IST" duration-ms="206" status="PASS">
          <reporter-output>
          </reporter-output>
        </test-method> <!-- closeBrowser -->
        <test-method is-config="true" signature="setup()[pri:0, instance:Testcases.clickable_function@6e57e95e]" started-at="2024-07-08T11:08:02 IST" name="setup" finished-at="2024-07-08T11:08:04 IST" duration-ms="1549" status="PASS">
          <reporter-output>
          </reporter-output>
        </test-method> <!-- setup -->
        <test-method signature="TC_10()[pri:10, instance:Testcases.clickable_function@6e57e95e]" started-at="2024-07-08T11:08:04 IST" name="TC_10" finished-at="2024-07-08T11:08:08 IST" duration-ms="4261" status="PASS">
          <reporter-output>
          </reporter-output>
        </test-method> <!-- TC_10 -->
        <test-method is-config="true" signature="closeBrowser()[pri:0, instance:Testcases.clickable_function@6e57e95e]" started-at="2024-07-08T11:08:08 IST" name="closeBrowser" finished-at="2024-07-08T11:08:08 IST" duration-ms="144" status="PASS">
          <reporter-output>
          </reporter-output>
        </test-method> <!-- closeBrowser -->
      </class> <!-- Testcases.clickable_function -->
    </test> <!-- Default test -->
  </suite> <!-- Default suite -->
</testng-results>
